<?xml version="1.0" encoding="UTF-8"?>
<testsuite hostname="AIR-IT-422575" name="cc.wdcy.infrastructure.mybatis.OauthRepositoryMyBatisTest" tests="7" failures="0" timestamp="4 Aug 2015 08:51:29 GMT" time="2.21" errors="0">
  <testcase name="findAllOauthClientDetails" time="0.05" classname="cc.wdcy.infrastructure.mybatis.OauthRepositoryMyBatisTest"/>
  <testcase name="findOauthClientDetails" time="0.011" classname="cc.wdcy.infrastructure.mybatis.OauthRepositoryMyBatisTest"/>
  <testcase name="saveOauthClientDetails" time="0.018" classname="cc.wdcy.infrastructure.mybatis.OauthRepositoryMyBatisTest"/>
  <testcase name="updateOauthClientDetailsArchive" time="0.004" classname="cc.wdcy.infrastructure.mybatis.OauthRepositoryMyBatisTest"/>
  <testcase name="findByGuid" time="0.038" classname="cc.wdcy.infrastructure.mybatis.UserRepositoryMyBatisTest"/>
  <testcase name="findByUsername" time="0.004" classname="cc.wdcy.infrastructure.mybatis.UserRepositoryMyBatisTest"/>
  <testcase name="updateUser" time="0.036" classname="cc.wdcy.infrastructure.mybatis.UserRepositoryMyBatisTest"/>
</testsuite>
