<?xml version="1.0" encoding="UTF-8" ?>
<testsuite tests="7" failures="0" name="TestSuite" time="3.804" errors="0" skipped="0">
  <properties>
[...]
</properties>
  <testcase name="findAllOauthClientDetails" time="0.052"/>
  <testcase name="findOauthClientDetails" time="0.01"/>
  <testcase name="saveOauthClientDetails" time="0.017"/>
  <testcase name="updateOauthClientDetailsArchive" time="0.004"/>
  <testcase name="findByGuid" time="0.037"/>
  <testcase name="findByUsername" time="0.003"/>
  <testcase name="updateUser" time="0.035"/>
</testsuite>