<?xml version="1.0" encoding="UTF-8"?>
<testng-results skipped="0" failed="0" total="7" passed="7">
  <reporter-output>
  </reporter-output>
  <suite name="Command line suite" duration-ms="2210" started-at="2015-08-04T16:51:27Z" finished-at="2015-08-04T16:51:29Z">
    <groups>
    </groups>
    <test name="Command line test" duration-ms="2210" started-at="2015-08-04T16:51:27Z" finished-at="2015-08-04T16:51:29Z">
      <class name="cc.wdcy.infrastructure.mybatis.OauthRepositoryMyBatisTest">
        <test-method status="PASS" signature="springTestContextBeforeTestClass()" name="springTestContextBeforeTestClass" is-config="true" duration-ms="7" started-at="2015-08-04T16:51:27Z" finished-at="2015-08-04T16:51:27Z">
        </test-method>
        <test-method status="PASS" signature="springTestContextPrepareTestInstance()" name="springTestContextPrepareTestInstance" is-config="true" duration-ms="1636" started-at="2015-08-04T16:51:27Z" depends-on-methods="org.springframework.test.context.testng.AbstractTestNGSpringContextTests.springTestContextBeforeTestClass" finished-at="2015-08-04T16:51:29Z">
        </test-method>
        <test-method status="PASS" signature="springTestContextBeforeTestMethod(java.lang.reflect.Method)" name="springTestContextBeforeTestMethod" is-config="true" duration-ms="46" started-at="2015-08-04T16:51:29Z" finished-at="2015-08-04T16:51:29Z">
          <params>
            <param index="0">
              <value>
                <![CDATA[public void cc.wdcy.infrastructure.mybatis.OauthRepositoryMyBatisTest.findAllOauthClientDetails()]]>
              </value>
            </param>
          </params>
        </test-method>
        <test-method status="PASS" signature="findAllOauthClientDetails()" name="findAllOauthClientDetails" duration-ms="50" started-at="2015-08-04T16:51:29Z" finished-at="2015-08-04T16:51:29Z">
        </test-method>
        <test-method status="PASS" signature="springTestContextAfterTestMethod(java.lang.reflect.Method)" name="springTestContextAfterTestMethod" is-config="true" duration-ms="6" started-at="2015-08-04T16:51:29Z" finished-at="2015-08-04T16:51:29Z">
          <params>
            <param index="0">
              <value>
                <![CDATA[public void cc.wdcy.infrastructure.mybatis.OauthRepositoryMyBatisTest.findAllOauthClientDetails()]]>
              </value>
            </param>
          </params>
        </test-method>
        <test-method status="PASS" signature="springTestContextBeforeTestMethod(java.lang.reflect.Method)" name="springTestContextBeforeTestMethod" is-config="true" duration-ms="13" started-at="2015-08-04T16:51:29Z" finished-at="2015-08-04T16:51:29Z">
          <params>
            <param index="0">
              <value>
                <![CDATA[public void cc.wdcy.infrastructure.mybatis.OauthRepositoryMyBatisTest.findOauthClientDetails()]]>
              </value>
            </param>
          </params>
        </test-method>
        <test-method status="PASS" signature="findOauthClientDetails()" name="findOauthClientDetails" duration-ms="11" started-at="2015-08-04T16:51:29Z" finished-at="2015-08-04T16:51:29Z">
        </test-method>
        <test-method status="PASS" signature="springTestContextAfterTestMethod(java.lang.reflect.Method)" name="springTestContextAfterTestMethod" is-config="true" duration-ms="1" started-at="2015-08-04T16:51:29Z" finished-at="2015-08-04T16:51:29Z">
          <params>
            <param index="0">
              <value>
                <![CDATA[public void cc.wdcy.infrastructure.mybatis.OauthRepositoryMyBatisTest.findOauthClientDetails()]]>
              </value>
            </param>
          </params>
        </test-method>
        <test-method status="PASS" signature="springTestContextBeforeTestMethod(java.lang.reflect.Method)" name="springTestContextBeforeTestMethod" is-config="true" duration-ms="27" started-at="2015-08-04T16:51:29Z" finished-at="2015-08-04T16:51:29Z">
          <params>
            <param index="0">
              <value>
                <![CDATA[public void cc.wdcy.infrastructure.mybatis.OauthRepositoryMyBatisTest.saveOauthClientDetails()]]>
              </value>
            </param>
          </params>
        </test-method>
        <test-method status="PASS" signature="saveOauthClientDetails()" name="saveOauthClientDetails" duration-ms="18" started-at="2015-08-04T16:51:29Z" finished-at="2015-08-04T16:51:29Z">
        </test-method>
        <test-method status="PASS" signature="springTestContextAfterTestMethod(java.lang.reflect.Method)" name="springTestContextAfterTestMethod" is-config="true" duration-ms="67" started-at="2015-08-04T16:51:29Z" finished-at="2015-08-04T16:51:29Z">
          <params>
            <param index="0">
              <value>
                <![CDATA[public void cc.wdcy.infrastructure.mybatis.OauthRepositoryMyBatisTest.saveOauthClientDetails()]]>
              </value>
            </param>
          </params>
        </test-method>
        <test-method status="PASS" signature="springTestContextBeforeTestMethod(java.lang.reflect.Method)" name="springTestContextBeforeTestMethod" is-config="true" duration-ms="42" started-at="2015-08-04T16:51:29Z" finished-at="2015-08-04T16:51:29Z">
          <params>
            <param index="0">
              <value>
                <![CDATA[public void cc.wdcy.infrastructure.mybatis.OauthRepositoryMyBatisTest.updateOauthClientDetailsArchive()]]>
              </value>
            </param>
          </params>
        </test-method>
        <test-method status="PASS" signature="updateOauthClientDetailsArchive()" name="updateOauthClientDetailsArchive" duration-ms="4" started-at="2015-08-04T16:51:29Z" finished-at="2015-08-04T16:51:29Z">
        </test-method>
        <test-method status="PASS" signature="springTestContextAfterTestMethod(java.lang.reflect.Method)" name="springTestContextAfterTestMethod" is-config="true" duration-ms="3" started-at="2015-08-04T16:51:29Z" finished-at="2015-08-04T16:51:29Z">
          <params>
            <param index="0">
              <value>
                <![CDATA[public void cc.wdcy.infrastructure.mybatis.OauthRepositoryMyBatisTest.updateOauthClientDetailsArchive()]]>
              </value>
            </param>
          </params>
        </test-method>
        <test-method status="PASS" signature="springTestContextAfterTestClass()" name="springTestContextAfterTestClass" is-config="true" duration-ms="0" started-at="2015-08-04T16:51:29Z" finished-at="2015-08-04T16:51:29Z">
        </test-method>
      </class>
      <class name="cc.wdcy.infrastructure.mybatis.UserRepositoryMyBatisTest">
        <test-method status="PASS" signature="springTestContextBeforeTestClass()" name="springTestContextBeforeTestClass" is-config="true" duration-ms="0" started-at="2015-08-04T16:51:29Z" finished-at="2015-08-04T16:51:29Z">
        </test-method>
        <test-method status="PASS" signature="springTestContextPrepareTestInstance()" name="springTestContextPrepareTestInstance" is-config="true" duration-ms="10" started-at="2015-08-04T16:51:29Z" depends-on-methods="org.springframework.test.context.testng.AbstractTestNGSpringContextTests.springTestContextBeforeTestClass" finished-at="2015-08-04T16:51:29Z">
        </test-method>
        <test-method status="PASS" signature="springTestContextBeforeTestMethod(java.lang.reflect.Method)" name="springTestContextBeforeTestMethod" is-config="true" duration-ms="50" started-at="2015-08-04T16:51:29Z" finished-at="2015-08-04T16:51:29Z">
          <params>
            <param index="0">
              <value>
                <![CDATA[public void cc.wdcy.infrastructure.mybatis.UserRepositoryMyBatisTest.findByGuid()]]>
              </value>
            </param>
          </params>
        </test-method>
        <test-method status="PASS" signature="findByGuid()" name="findByGuid" duration-ms="38" started-at="2015-08-04T16:51:29Z" finished-at="2015-08-04T16:51:29Z">
        </test-method>
        <test-method status="PASS" signature="springTestContextAfterTestMethod(java.lang.reflect.Method)" name="springTestContextAfterTestMethod" is-config="true" duration-ms="19" started-at="2015-08-04T16:51:29Z" finished-at="2015-08-04T16:51:29Z">
          <params>
            <param index="0">
              <value>
                <![CDATA[public void cc.wdcy.infrastructure.mybatis.UserRepositoryMyBatisTest.findByGuid()]]>
              </value>
            </param>
          </params>
        </test-method>
        <test-method status="PASS" signature="springTestContextBeforeTestMethod(java.lang.reflect.Method)" name="springTestContextBeforeTestMethod" is-config="true" duration-ms="6" started-at="2015-08-04T16:51:29Z" finished-at="2015-08-04T16:51:29Z">
          <params>
            <param index="0">
              <value>
                <![CDATA[public void cc.wdcy.infrastructure.mybatis.UserRepositoryMyBatisTest.findByUsername()]]>
              </value>
            </param>
          </params>
        </test-method>
        <test-method status="PASS" signature="findByUsername()" name="findByUsername" duration-ms="4" started-at="2015-08-04T16:51:29Z" finished-at="2015-08-04T16:51:29Z">
        </test-method>
        <test-method status="PASS" signature="springTestContextAfterTestMethod(java.lang.reflect.Method)" name="springTestContextAfterTestMethod" is-config="true" duration-ms="73" started-at="2015-08-04T16:51:29Z" finished-at="2015-08-04T16:51:29Z">
          <params>
            <param index="0">
              <value>
                <![CDATA[public void cc.wdcy.infrastructure.mybatis.UserRepositoryMyBatisTest.findByUsername()]]>
              </value>
            </param>
          </params>
        </test-method>
        <test-method status="PASS" signature="springTestContextBeforeTestMethod(java.lang.reflect.Method)" name="springTestContextBeforeTestMethod" is-config="true" duration-ms="6" started-at="2015-08-04T16:51:29Z" finished-at="2015-08-04T16:51:29Z">
          <params>
            <param index="0">
              <value>
                <![CDATA[public void cc.wdcy.infrastructure.mybatis.UserRepositoryMyBatisTest.updateUser()]]>
              </value>
            </param>
          </params>
        </test-method>
        <test-method status="PASS" signature="updateUser()" name="updateUser" duration-ms="36" started-at="2015-08-04T16:51:29Z" finished-at="2015-08-04T16:51:29Z">
        </test-method>
        <test-method status="PASS" signature="springTestContextAfterTestMethod(java.lang.reflect.Method)" name="springTestContextAfterTestMethod" is-config="true" duration-ms="24" started-at="2015-08-04T16:51:29Z" finished-at="2015-08-04T16:51:29Z">
          <params>
            <param index="0">
              <value>
                <![CDATA[public void cc.wdcy.infrastructure.mybatis.UserRepositoryMyBatisTest.updateUser()]]>
              </value>
            </param>
          </params>
        </test-method>
        <test-method status="PASS" signature="springTestContextAfterTestClass()" name="springTestContextAfterTestClass" is-config="true" duration-ms="1" started-at="2015-08-04T16:51:29Z" finished-at="2015-08-04T16:51:29Z">
        </test-method>
      </class>
    </test>
  </suite>
</testng-results>
